{"C:\\Users\\Lenovo\\Documents\\Y1-1\\Software Engineering\\PROJECT\\se-project-be-68-2-tungtung\\controllers\\auth.js": {"path":"C:\\Users\\Lenovo\\Documents\\Y1-1\\Software Engineering\\PROJECT\\se-project-be-68-2-tungtung\\controllers\\auth.js","statementMap":{"0":{"start":{"line":1,"column":13},"end":{"line":1,"column":38}},"1":{"start":{"line":6,"column":0},"end":{"line":25,"column":2}},"2":{"start":{"line":7,"column":2},"end":{"line":24,"column":3}},"3":{"start":{"line":8,"column":55},"end":{"line":8,"column":63}},"4":{"start":{"line":11,"column":17},"end":{"line":17,"column":6}},"5":{"start":{"line":20,"column":4},"end":{"line":20,"column":38}},"6":{"start":{"line":22,"column":4},"end":{"line":22,"column":65}},"7":{"start":{"line":23,"column":4},"end":{"line":23,"column":27}},"8":{"start":{"line":30,"column":0},"end":{"line":56,"column":2}},"9":{"start":{"line":31,"column":30},"end":{"line":31,"column":38}},"10":{"start":{"line":34,"column":2},"end":{"line":36,"column":3}},"11":{"start":{"line":35,"column":4},"end":{"line":35,"column":95}},"12":{"start":{"line":39,"column":15},"end":{"line":39,"column":62}},"13":{"start":{"line":41,"column":2},"end":{"line":43,"column":3}},"14":{"start":{"line":42,"column":4},"end":{"line":42,"column":78}},"15":{"start":{"line":46,"column":18},"end":{"line":46,"column":52}},"16":{"start":{"line":48,"column":2},"end":{"line":50,"column":3}},"17":{"start":{"line":49,"column":4},"end":{"line":49,"column":78}},"18":{"start":{"line":55,"column":2},"end":{"line":55,"column":36}},"19":{"start":{"line":58,"column":26},"end":{"line":77,"column":1}},"20":{"start":{"line":59,"column":16},"end":{"line":59,"column":40}},"21":{"start":{"line":61,"column":18},"end":{"line":66,"column":3}},"22":{"start":{"line":68,"column":2},"end":{"line":70,"column":3}},"23":{"start":{"line":69,"column":4},"end":{"line":69,"column":26}},"24":{"start":{"line":72,"column":2},"end":{"line":75,"column":5}},"25":{"start":{"line":82,"column":0},"end":{"line":89,"column":4}},"26":{"start":{"line":83,"column":17},"end":{"line":83,"column":49}},"27":{"start":{"line":85,"column":4},"end":{"line":88,"column":7}},"28":{"start":{"line":94,"column":0},"end":{"line":104,"column":2}},"29":{"start":{"line":95,"column":2},"end":{"line":98,"column":5}},"30":{"start":{"line":100,"column":2},"end":{"line":103,"column":5}}},"fnMap":{"0":{"name":"(anonymous_0)","decl":{"start":{"line":6,"column":19},"end":{"line":6,"column":20}},"loc":{"start":{"line":6,"column":45},"end":{"line":25,"column":1}},"line":6},"1":{"name":"(anonymous_1)","decl":{"start":{"line":30,"column":16},"end":{"line":30,"column":17}},"loc":{"start":{"line":30,"column":42},"end":{"line":56,"column":1}},"line":30},"2":{"name":"(anonymous_2)","decl":{"start":{"line":58,"column":26},"end":{"line":58,"column":27}},"loc":{"start":{"line":58,"column":53},"end":{"line":77,"column":1}},"line":58},"3":{"name":"(anonymous_3)","decl":{"start":{"line":82,"column":16},"end":{"line":82,"column":17}},"loc":{"start":{"line":82,"column":42},"end":{"line":89,"column":3}},"line":82},"4":{"name":"(anonymous_4)","decl":{"start":{"line":94,"column":17},"end":{"line":94,"column":18}},"loc":{"start":{"line":94,"column":43},"end":{"line":104,"column":1}},"line":94}},"branchMap":{"0":{"loc":{"start":{"line":34,"column":2},"end":{"line":36,"column":3}},"type":"if","locations":[{"start":{"line":34,"column":2},"end":{"line":36,"column":3}},{"start":{},"end":{}}],"line":34},"1":{"loc":{"start":{"line":34,"column":6},"end":{"line":34,"column":25}},"type":"binary-expr","locations":[{"start":{"line":34,"column":6},"end":{"line":34,"column":12}},{"start":{"line":34,"column":16},"end":{"line":34,"column":25}}],"line":34},"2":{"loc":{"start":{"line":41,"column":2},"end":{"line":43,"column":3}},"type":"if","locations":[{"start":{"line":41,"column":2},"end":{"line":43,"column":3}},{"start":{},"end":{}}],"line":41},"3":{"loc":{"start":{"line":48,"column":2},"end":{"line":50,"column":3}},"type":"if","locations":[{"start":{"line":48,"column":2},"end":{"line":50,"column":3}},{"start":{},"end":{}}],"line":48},"4":{"loc":{"start":{"line":68,"column":2},"end":{"line":70,"column":3}},"type":"if","locations":[{"start":{"line":68,"column":2},"end":{"line":70,"column":3}},{"start":{},"end":{}}],"line":68}},"s":{"0":2,"1":2,"2":5,"3":5,"4":5,"5":4,"6":1,"7":1,"8":2,"9":4,"10":4,"11":1,"12":3,"13":3,"14":1,"15":2,"16":2,"17":1,"18":1,"19":2,"20":5,"21":5,"22":5,"23":1,"24":5,"25":2,"26":1,"27":1,"28":2,"29":1,"30":1},"f":{"0":5,"1":4,"2":5,"3":1,"4":1},"b":{"0":[1,3],"1":[4,3],"2":[1,2],"3":[1,1],"4":[1,4]},"_coverageSchema":"1a1c01bbd47fc00a2c39e90264f33305004495a9","hash":"cc8678e1ffd716eac3a1a208ac6a55ece45c51f7"}
,"C:\\Users\\Lenovo\\Documents\\Y1-1\\Software Engineering\\PROJECT\\se-project-be-68-2-tungtung\\controllers\\bookings.js": {"path":"C:\\Users\\Lenovo\\Documents\\Y1-1\\Software Engineering\\PROJECT\\se-project-be-68-2-tungtung\\controllers\\bookings.js","statementMap":{"0":{"start":{"line":1,"column":16},"end":{"line":1,"column":44}},"1":{"start":{"line":2,"column":17},"end":{"line":2,"column":46}},"2":{"start":{"line":7,"column":0},"end":{"line":36,"column":2}},"3":{"start":{"line":9,"column":4},"end":{"line":24,"column":5}},"4":{"start":{"line":10,"column":8},"end":{"line":12,"column":66}},"5":{"start":{"line":14,"column":8},"end":{"line":23,"column":9}},"6":{"start":{"line":15,"column":12},"end":{"line":15,"column":47}},"7":{"start":{"line":16,"column":12},"end":{"line":18,"column":70}},"8":{"start":{"line":20,"column":12},"end":{"line":22,"column":70}},"9":{"start":{"line":25,"column":4},"end":{"line":35,"column":5}},"10":{"start":{"line":26,"column":25},"end":{"line":26,"column":36}},"11":{"start":{"line":27,"column":8},"end":{"line":31,"column":11}},"12":{"start":{"line":33,"column":8},"end":{"line":33,"column":25}},"13":{"start":{"line":34,"column":8},"end":{"line":34,"column":81}},"14":{"start":{"line":41,"column":0},"end":{"line":55,"column":2}},"15":{"start":{"line":42,"column":4},"end":{"line":54,"column":5}},"16":{"start":{"line":43,"column":24},"end":{"line":45,"column":65}},"17":{"start":{"line":47,"column":8},"end":{"line":49,"column":9}},"18":{"start":{"line":48,"column":12},"end":{"line":48,"column":115}},"19":{"start":{"line":50,"column":8},"end":{"line":50,"column":63}},"20":{"start":{"line":52,"column":8},"end":{"line":52,"column":25}},"21":{"start":{"line":53,"column":8},"end":{"line":53,"column":81}},"22":{"start":{"line":60,"column":0},"end":{"line":84,"column":2}},"23":{"start":{"line":61,"column":4},"end":{"line":83,"column":5}},"24":{"start":{"line":62,"column":8},"end":{"line":62,"column":50}},"25":{"start":{"line":64,"column":25},"end":{"line":64,"column":71}},"26":{"start":{"line":65,"column":8},"end":{"line":67,"column":9}},"27":{"start":{"line":66,"column":12},"end":{"line":66,"column":124}},"28":{"start":{"line":69,"column":8},"end":{"line":69,"column":36}},"29":{"start":{"line":70,"column":32},"end":{"line":70,"column":73}},"30":{"start":{"line":71,"column":8},"end":{"line":73,"column":9}},"31":{"start":{"line":72,"column":12},"end":{"line":72,"column":124}},"32":{"start":{"line":75,"column":24},"end":{"line":75,"column":54}},"33":{"start":{"line":76,"column":8},"end":{"line":79,"column":11}},"34":{"start":{"line":81,"column":8},"end":{"line":81,"column":25}},"35":{"start":{"line":82,"column":8},"end":{"line":82,"column":83}},"36":{"start":{"line":89,"column":0},"end":{"line":109,"column":2}},"37":{"start":{"line":90,"column":4},"end":{"line":108,"column":5}},"38":{"start":{"line":91,"column":22},"end":{"line":91,"column":59}},"39":{"start":{"line":92,"column":8},"end":{"line":94,"column":9}},"40":{"start":{"line":93,"column":12},"end":{"line":93,"column":115}},"41":{"start":{"line":96,"column":8},"end":{"line":98,"column":9}},"42":{"start":{"line":97,"column":12},"end":{"line":97,"column":115}},"43":{"start":{"line":100,"column":8},"end":{"line":103,"column":11}},"44":{"start":{"line":104,"column":8},"end":{"line":104,"column":63}},"45":{"start":{"line":106,"column":8},"end":{"line":106,"column":25}},"46":{"start":{"line":107,"column":8},"end":{"line":107,"column":83}},"47":{"start":{"line":114,"column":0},"end":{"line":131,"column":2}},"48":{"start":{"line":115,"column":4},"end":{"line":130,"column":5}},"49":{"start":{"line":116,"column":24},"end":{"line":116,"column":61}},"50":{"start":{"line":117,"column":8},"end":{"line":119,"column":9}},"51":{"start":{"line":118,"column":12},"end":{"line":118,"column":115}},"52":{"start":{"line":121,"column":8},"end":{"line":123,"column":9}},"53":{"start":{"line":122,"column":12},"end":{"line":122,"column":115}},"54":{"start":{"line":125,"column":8},"end":{"line":125,"column":34}},"55":{"start":{"line":126,"column":8},"end":{"line":126,"column":58}},"56":{"start":{"line":128,"column":8},"end":{"line":128,"column":25}},"57":{"start":{"line":129,"column":8},"end":{"line":129,"column":83}}},"fnMap":{"0":{"name":"(anonymous_0)","decl":{"start":{"line":7,"column":22},"end":{"line":7,"column":23}},"loc":{"start":{"line":7,"column":48},"end":{"line":36,"column":1}},"line":7},"1":{"name":"(anonymous_1)","decl":{"start":{"line":41,"column":21},"end":{"line":41,"column":22}},"loc":{"start":{"line":41,"column":47},"end":{"line":55,"column":1}},"line":41},"2":{"name":"(anonymous_2)","decl":{"start":{"line":60,"column":21},"end":{"line":60,"column":22}},"loc":{"start":{"line":60,"column":47},"end":{"line":84,"column":1}},"line":60},"3":{"name":"(anonymous_3)","decl":{"start":{"line":89,"column":24},"end":{"line":89,"column":25}},"loc":{"start":{"line":89,"column":50},"end":{"line":109,"column":1}},"line":89},"4":{"name":"(anonymous_4)","decl":{"start":{"line":114,"column":24},"end":{"line":114,"column":25}},"loc":{"start":{"line":114,"column":50},"end":{"line":131,"column":1}},"line":114}},"branchMap":{"0":{"loc":{"start":{"line":9,"column":4},"end":{"line":24,"column":5}},"type":"if","locations":[{"start":{"line":9,"column":4},"end":{"line":24,"column":5}},{"start":{"line":13,"column":11},"end":{"line":24,"column":5}}],"line":9},"1":{"loc":{"start":{"line":9,"column":8},"end":{"line":9,"column":45}},"type":"binary-expr","locations":[{"start":{"line":9,"column":8},"end":{"line":9,"column":16}},{"start":{"line":9,"column":20},"end":{"line":9,"column":45}}],"line":9},"2":{"loc":{"start":{"line":14,"column":8},"end":{"line":23,"column":9}},"type":"if","locations":[{"start":{"line":14,"column":8},"end":{"line":23,"column":9}},{"start":{"line":19,"column":15},"end":{"line":23,"column":9}}],"line":14},"3":{"loc":{"start":{"line":47,"column":8},"end":{"line":49,"column":9}},"type":"if","locations":[{"start":{"line":47,"column":8},"end":{"line":49,"column":9}},{"start":{},"end":{}}],"line":47},"4":{"loc":{"start":{"line":65,"column":8},"end":{"line":67,"column":9}},"type":"if","locations":[{"start":{"line":65,"column":8},"end":{"line":67,"column":9}},{"start":{},"end":{}}],"line":65},"5":{"loc":{"start":{"line":71,"column":8},"end":{"line":73,"column":9}},"type":"if","locations":[{"start":{"line":71,"column":8},"end":{"line":73,"column":9}},{"start":{},"end":{}}],"line":71},"6":{"loc":{"start":{"line":92,"column":8},"end":{"line":94,"column":9}},"type":"if","locations":[{"start":{"line":92,"column":8},"end":{"line":94,"column":9}},{"start":{},"end":{}}],"line":92},"7":{"loc":{"start":{"line":96,"column":8},"end":{"line":98,"column":9}},"type":"if","locations":[{"start":{"line":96,"column":8},"end":{"line":98,"column":9}},{"start":{},"end":{}}],"line":96},"8":{"loc":{"start":{"line":96,"column":12},"end":{"line":96,"column":80}},"type":"binary-expr","locations":[{"start":{"line":96,"column":12},"end":{"line":96,"column":51}},{"start":{"line":96,"column":55},"end":{"line":96,"column":80}}],"line":96},"9":{"loc":{"start":{"line":117,"column":8},"end":{"line":119,"column":9}},"type":"if","locations":[{"start":{"line":117,"column":8},"end":{"line":119,"column":9}},{"start":{},"end":{}}],"line":117},"10":{"loc":{"start":{"line":121,"column":8},"end":{"line":123,"column":9}},"type":"if","locations":[{"start":{"line":121,"column":8},"end":{"line":123,"column":9}},{"start":{},"end":{}}],"line":121},"11":{"loc":{"start":{"line":121,"column":12},"end":{"line":121,"column":80}},"type":"binary-expr","locations":[{"start":{"line":121,"column":12},"end":{"line":121,"column":51}},{"start":{"line":121,"column":55},"end":{"line":121,"column":80}}],"line":121}},"s":{"0":2,"1":2,"2":2,"3":4,"4":2,"5":2,"6":1,"7":1,"8":1,"9":4,"10":4,"11":3,"12":1,"13":1,"14":2,"15":3,"16":3,"17":2,"18":1,"19":1,"20":1,"21":1,"22":2,"23":4,"24":4,"25":4,"26":4,"27":1,"28":3,"29":3,"30":3,"31":1,"32":2,"33":1,"34":1,"35":1,"36":2,"37":4,"38":4,"39":3,"40":1,"41":2,"42":1,"43":1,"44":1,"45":1,"46":1,"47":2,"48":4,"49":4,"50":3,"51":1,"52":2,"53":1,"54":1,"55":1,"56":1,"57":1},"f":{"0":4,"1":3,"2":4,"3":4,"4":4},"b":{"0":[2,2],"1":[4,4],"2":[1,1],"3":[1,1],"4":[1,3],"5":[1,2],"6":[1,2],"7":[1,1],"8":[2,2],"9":[1,2],"10":[1,1],"11":[2,1]},"_coverageSchema":"1a1c01bbd47fc00a2c39e90264f33305004495a9","hash":"6b9881514e1d6ae91302d8664faa266551600cc0"}
,"C:\\Users\\Lenovo\\Documents\\Y1-1\\Software Engineering\\PROJECT\\se-project-be-68-2-tungtung\\controllers\\chat.js": {"path":"C:\\Users\\Lenovo\\Documents\\Y1-1\\Software Engineering\\PROJECT\\se-project-be-68-2-tungtung\\controllers\\chat.js","statementMap":{"0":{"start":{"line":1,"column":16},"end":{"line":1,"column":44}},"1":{"start":{"line":2,"column":18},"end":{"line":2,"column":52}},"2":{"start":{"line":7,"column":0},"end":{"line":54,"column":2}},"3":{"start":{"line":8,"column":2},"end":{"line":53,"column":3}},"4":{"start":{"line":9,"column":18},"end":{"line":48,"column":6}},"5":{"start":{"line":50,"column":4},"end":{"line":50,"column":78}},"6":{"start":{"line":52,"column":4},"end":{"line":52,"column":80}},"7":{"start":{"line":59,"column":0},"end":{"line":75,"column":2}},"8":{"start":{"line":60,"column":2},"end":{"line":74,"column":3}},"9":{"start":{"line":61,"column":23},"end":{"line":61,"column":33}},"10":{"start":{"line":63,"column":4},"end":{"line":65,"column":5}},"11":{"start":{"line":64,"column":6},"end":{"line":64,"column":77}},"12":{"start":{"line":67,"column":21},"end":{"line":69,"column":17}},"13":{"start":{"line":71,"column":4},"end":{"line":71,"column":84}},"14":{"start":{"line":73,"column":4},"end":{"line":73,"column":82}},"15":{"start":{"line":80,"column":0},"end":{"line":95,"column":2}},"16":{"start":{"line":81,"column":2},"end":{"line":94,"column":3}},"17":{"start":{"line":82,"column":23},"end":{"line":82,"column":33}},"18":{"start":{"line":85,"column":4},"end":{"line":87,"column":5}},"19":{"start":{"line":86,"column":6},"end":{"line":86,"column":77}},"20":{"start":{"line":89,"column":4},"end":{"line":89,"column":83}},"21":{"start":{"line":91,"column":4},"end":{"line":91,"column":44}},"22":{"start":{"line":93,"column":4},"end":{"line":93,"column":85}},"23":{"start":{"line":100,"column":0},"end":{"line":143,"column":2}},"24":{"start":{"line":101,"column":2},"end":{"line":142,"column":3}},"25":{"start":{"line":102,"column":30},"end":{"line":102,"column":38}},"26":{"start":{"line":104,"column":4},"end":{"line":106,"column":5}},"27":{"start":{"line":105,"column":6},"end":{"line":105,"column":94}},"28":{"start":{"line":107,"column":4},"end":{"line":109,"column":5}},"29":{"start":{"line":108,"column":6},"end":{"line":108,"column":100}},"30":{"start":{"line":111,"column":19},"end":{"line":111,"column":64}},"31":{"start":{"line":112,"column":4},"end":{"line":114,"column":5}},"32":{"start":{"line":113,"column":6},"end":{"line":113,"column":79}},"33":{"start":{"line":116,"column":20},"end":{"line":123,"column":6}},"34":{"start":{"line":125,"column":15},"end":{"line":125,"column":22}},"35":{"start":{"line":126,"column":4},"end":{"line":137,"column":5}},"36":{"start":{"line":127,"column":6},"end":{"line":136,"column":9}},"37":{"start":{"line":139,"column":4},"end":{"line":139,"column":59}},"38":{"start":{"line":141,"column":4},"end":{"line":141,"column":76}}},"fnMap":{"0":{"name":"(anonymous_0)","decl":{"start":{"line":7,"column":23},"end":{"line":7,"column":24}},"loc":{"start":{"line":7,"column":43},"end":{"line":54,"column":1}},"line":7},"1":{"name":"(anonymous_1)","decl":{"start":{"line":59,"column":25},"end":{"line":59,"column":26}},"loc":{"start":{"line":59,"column":45},"end":{"line":75,"column":1}},"line":59},"2":{"name":"(anonymous_2)","decl":{"start":{"line":80,"column":23},"end":{"line":80,"column":24}},"loc":{"start":{"line":80,"column":43},"end":{"line":95,"column":1}},"line":80},"3":{"name":"(anonymous_3)","decl":{"start":{"line":100,"column":22},"end":{"line":100,"column":23}},"loc":{"start":{"line":100,"column":42},"end":{"line":143,"column":1}},"line":100}},"branchMap":{"0":{"loc":{"start":{"line":63,"column":4},"end":{"line":65,"column":5}},"type":"if","locations":[{"start":{"line":63,"column":4},"end":{"line":65,"column":5}},{"start":{},"end":{}}],"line":63},"1":{"loc":{"start":{"line":63,"column":8},"end":{"line":63,"column":59}},"type":"binary-expr","locations":[{"start":{"line":63,"column":8},"end":{"line":63,"column":33}},{"start":{"line":63,"column":37},"end":{"line":63,"column":59}}],"line":63},"2":{"loc":{"start":{"line":85,"column":4},"end":{"line":87,"column":5}},"type":"if","locations":[{"start":{"line":85,"column":4},"end":{"line":87,"column":5}},{"start":{},"end":{}}],"line":85},"3":{"loc":{"start":{"line":85,"column":8},"end":{"line":85,"column":59}},"type":"binary-expr","locations":[{"start":{"line":85,"column":8},"end":{"line":85,"column":33}},{"start":{"line":85,"column":37},"end":{"line":85,"column":59}}],"line":85},"4":{"loc":{"start":{"line":104,"column":4},"end":{"line":106,"column":5}},"type":"if","locations":[{"start":{"line":104,"column":4},"end":{"line":106,"column":5}},{"start":{},"end":{}}],"line":104},"5":{"loc":{"start":{"line":104,"column":8},"end":{"line":104,"column":47}},"type":"binary-expr","locations":[{"start":{"line":104,"column":8},"end":{"line":104,"column":16}},{"start":{"line":104,"column":20},"end":{"line":104,"column":47}}],"line":104},"6":{"loc":{"start":{"line":107,"column":4},"end":{"line":109,"column":5}},"type":"if","locations":[{"start":{"line":107,"column":4},"end":{"line":109,"column":5}},{"start":{},"end":{}}],"line":107},"7":{"loc":{"start":{"line":111,"column":19},"end":{"line":111,"column":64}},"type":"cond-expr","locations":[{"start":{"line":111,"column":46},"end":{"line":111,"column":57}},{"start":{"line":111,"column":60},"end":{"line":111,"column":64}}],"line":111},"8":{"loc":{"start":{"line":112,"column":4},"end":{"line":114,"column":5}},"type":"if","locations":[{"start":{"line":112,"column":4},"end":{"line":114,"column":5}},{"start":{},"end":{}}],"line":112},"9":{"loc":{"start":{"line":126,"column":4},"end":{"line":137,"column":5}},"type":"if","locations":[{"start":{"line":126,"column":4},"end":{"line":137,"column":5}},{"start":{},"end":{}}],"line":126}},"s":{"0":2,"1":2,"2":2,"3":3,"4":3,"5":2,"6":1,"7":2,"8":6,"9":6,"10":6,"11":2,"12":4,"13":3,"14":1,"15":2,"16":6,"17":6,"18":6,"19":2,"20":4,"21":3,"22":1,"23":2,"24":11,"25":11,"26":11,"27":2,"28":9,"29":2,"30":7,"31":7,"32":1,"33":6,"34":5,"35":5,"36":4,"37":5,"38":1},"f":{"0":3,"1":6,"2":6,"3":11},"b":{"0":[2,4],"1":[6,3],"2":[2,4],"3":[6,3],"4":[2,9],"5":[11,11],"6":[2,7],"7":[3,4],"8":[1,6],"9":[4,1]},"_coverageSchema":"1a1c01bbd47fc00a2c39e90264f33305004495a9","hash":"2f9cbb74c7a8e28d0b5519999aa648dc2d1c1ac9"}
,"C:\\Users\\Lenovo\\Documents\\Y1-1\\Software Engineering\\PROJECT\\se-project-be-68-2-tungtung\\controllers\\providers.js": {"path":"C:\\Users\\Lenovo\\Documents\\Y1-1\\Software Engineering\\PROJECT\\se-project-be-68-2-tungtung\\controllers\\providers.js","statementMap":{"0":{"start":{"line":1,"column":17},"end":{"line":1,"column":46}},"1":{"start":{"line":2,"column":16},"end":{"line":2,"column":44}},"2":{"start":{"line":7,"column":0},"end":{"line":85,"column":2}},"3":{"start":{"line":11,"column":19},"end":{"line":11,"column":35}},"4":{"start":{"line":14,"column":23},"end":{"line":14,"column":58}},"5":{"start":{"line":17,"column":2},"end":{"line":17,"column":58}},"6":{"start":{"line":17,"column":34},"end":{"line":17,"column":56}},"7":{"start":{"line":18,"column":2},"end":{"line":18,"column":24}},"8":{"start":{"line":21,"column":17},"end":{"line":21,"column":41}},"9":{"start":{"line":22,"column":2},"end":{"line":25,"column":4}},"10":{"start":{"line":24,"column":15},"end":{"line":24,"column":26}},"11":{"start":{"line":28,"column":2},"end":{"line":28,"column":46}},"12":{"start":{"line":31,"column":2},"end":{"line":34,"column":3}},"13":{"start":{"line":32,"column":19},"end":{"line":32,"column":56}},"14":{"start":{"line":33,"column":4},"end":{"line":33,"column":33}},"15":{"start":{"line":37,"column":2},"end":{"line":42,"column":3}},"16":{"start":{"line":38,"column":19},"end":{"line":38,"column":54}},"17":{"start":{"line":39,"column":4},"end":{"line":39,"column":31}},"18":{"start":{"line":41,"column":4},"end":{"line":41,"column":37}},"19":{"start":{"line":45,"column":15},"end":{"line":45,"column":48}},"20":{"start":{"line":46,"column":16},"end":{"line":46,"column":51}},"21":{"start":{"line":47,"column":21},"end":{"line":47,"column":39}},"22":{"start":{"line":48,"column":19},"end":{"line":48,"column":31}},"23":{"start":{"line":50,"column":2},"end":{"line":84,"column":3}},"24":{"start":{"line":51,"column":18},"end":{"line":51,"column":49}},"25":{"start":{"line":53,"column":4},"end":{"line":53,"column":48}},"26":{"start":{"line":56,"column":22},"end":{"line":56,"column":33}},"27":{"start":{"line":58,"column":23},"end":{"line":58,"column":25}},"28":{"start":{"line":60,"column":4},"end":{"line":65,"column":5}},"29":{"start":{"line":61,"column":6},"end":{"line":64,"column":8}},"30":{"start":{"line":67,"column":4},"end":{"line":72,"column":5}},"31":{"start":{"line":68,"column":6},"end":{"line":71,"column":8}},"32":{"start":{"line":74,"column":4},"end":{"line":79,"column":7}},"33":{"start":{"line":81,"column":4},"end":{"line":83,"column":7}},"34":{"start":{"line":90,"column":0},"end":{"line":100,"column":2}},"35":{"start":{"line":91,"column":2},"end":{"line":99,"column":3}},"36":{"start":{"line":92,"column":21},"end":{"line":92,"column":59}},"37":{"start":{"line":93,"column":4},"end":{"line":95,"column":5}},"38":{"start":{"line":94,"column":6},"end":{"line":94,"column":54}},"39":{"start":{"line":96,"column":4},"end":{"line":96,"column":60}},"40":{"start":{"line":98,"column":4},"end":{"line":98,"column":45}},"41":{"start":{"line":105,"column":0},"end":{"line":111,"column":2}},"42":{"start":{"line":106,"column":19},"end":{"line":106,"column":50}},"43":{"start":{"line":107,"column":2},"end":{"line":110,"column":5}},"44":{"start":{"line":116,"column":0},"end":{"line":129,"column":2}},"45":{"start":{"line":117,"column":2},"end":{"line":128,"column":3}},"46":{"start":{"line":118,"column":21},"end":{"line":121,"column":6}},"47":{"start":{"line":122,"column":4},"end":{"line":124,"column":5}},"48":{"start":{"line":123,"column":6},"end":{"line":123,"column":54}},"49":{"start":{"line":125,"column":4},"end":{"line":125,"column":60}},"50":{"start":{"line":127,"column":4},"end":{"line":127,"column":45}},"51":{"start":{"line":134,"column":0},"end":{"line":151,"column":2}},"52":{"start":{"line":135,"column":2},"end":{"line":150,"column":3}},"53":{"start":{"line":136,"column":21},"end":{"line":136,"column":59}},"54":{"start":{"line":138,"column":4},"end":{"line":143,"column":5}},"55":{"start":{"line":139,"column":6},"end":{"line":142,"column":9}},"56":{"start":{"line":144,"column":4},"end":{"line":144,"column":58}},"57":{"start":{"line":145,"column":4},"end":{"line":145,"column":53}},"58":{"start":{"line":147,"column":4},"end":{"line":147,"column":54}},"59":{"start":{"line":149,"column":4},"end":{"line":149,"column":45}}},"fnMap":{"0":{"name":"(anonymous_0)","decl":{"start":{"line":7,"column":23},"end":{"line":7,"column":24}},"loc":{"start":{"line":7,"column":49},"end":{"line":85,"column":1}},"line":7},"1":{"name":"(anonymous_1)","decl":{"start":{"line":17,"column":23},"end":{"line":17,"column":24}},"loc":{"start":{"line":17,"column":34},"end":{"line":17,"column":56}},"line":17},"2":{"name":"(anonymous_2)","decl":{"start":{"line":24,"column":4},"end":{"line":24,"column":5}},"loc":{"start":{"line":24,"column":15},"end":{"line":24,"column":26}},"line":24},"3":{"name":"(anonymous_3)","decl":{"start":{"line":90,"column":22},"end":{"line":90,"column":23}},"loc":{"start":{"line":90,"column":48},"end":{"line":100,"column":1}},"line":90},"4":{"name":"(anonymous_4)","decl":{"start":{"line":105,"column":25},"end":{"line":105,"column":26}},"loc":{"start":{"line":105,"column":51},"end":{"line":111,"column":1}},"line":105},"5":{"name":"(anonymous_5)","decl":{"start":{"line":116,"column":25},"end":{"line":116,"column":26}},"loc":{"start":{"line":116,"column":51},"end":{"line":129,"column":1}},"line":116},"6":{"name":"(anonymous_6)","decl":{"start":{"line":134,"column":25},"end":{"line":134,"column":26}},"loc":{"start":{"line":134,"column":51},"end":{"line":151,"column":1}},"line":134}},"branchMap":{"0":{"loc":{"start":{"line":31,"column":2},"end":{"line":34,"column":3}},"type":"if","locations":[{"start":{"line":31,"column":2},"end":{"line":34,"column":3}},{"start":{},"end":{}}],"line":31},"1":{"loc":{"start":{"line":37,"column":2},"end":{"line":42,"column":3}},"type":"if","locations":[{"start":{"line":37,"column":2},"end":{"line":42,"column":3}},{"start":{"line":40,"column":9},"end":{"line":42,"column":3}}],"line":37},"2":{"loc":{"start":{"line":45,"column":15},"end":{"line":45,"column":48}},"type":"binary-expr","locations":[{"start":{"line":45,"column":15},"end":{"line":45,"column":43}},{"start":{"line":45,"column":47},"end":{"line":45,"column":48}}],"line":45},"3":{"loc":{"start":{"line":46,"column":16},"end":{"line":46,"column":51}},"type":"binary-expr","locations":[{"start":{"line":46,"column":16},"end":{"line":46,"column":45}},{"start":{"line":46,"column":49},"end":{"line":46,"column":51}}],"line":46},"4":{"loc":{"start":{"line":60,"column":4},"end":{"line":65,"column":5}},"type":"if","locations":[{"start":{"line":60,"column":4},"end":{"line":65,"column":5}},{"start":{},"end":{}}],"line":60},"5":{"loc":{"start":{"line":67,"column":4},"end":{"line":72,"column":5}},"type":"if","locations":[{"start":{"line":67,"column":4},"end":{"line":72,"column":5}},{"start":{},"end":{}}],"line":67},"6":{"loc":{"start":{"line":93,"column":4},"end":{"line":95,"column":5}},"type":"if","locations":[{"start":{"line":93,"column":4},"end":{"line":95,"column":5}},{"start":{},"end":{}}],"line":93},"7":{"loc":{"start":{"line":122,"column":4},"end":{"line":124,"column":5}},"type":"if","locations":[{"start":{"line":122,"column":4},"end":{"line":124,"column":5}},{"start":{},"end":{}}],"line":122},"8":{"loc":{"start":{"line":138,"column":4},"end":{"line":143,"column":5}},"type":"if","locations":[{"start":{"line":138,"column":4},"end":{"line":143,"column":5}},{"start":{},"end":{}}],"line":138}},"s":{"0":2,"1":2,"2":2,"3":3,"4":3,"5":3,"6":12,"7":3,"8":3,"9":3,"10":1,"11":3,"12":3,"13":1,"14":1,"15":3,"16":1,"17":1,"18":2,"19":3,"20":3,"21":3,"22":3,"23":3,"24":3,"25":3,"26":3,"27":2,"28":2,"29":1,"30":2,"31":1,"32":2,"33":1,"34":2,"35":3,"36":3,"37":2,"38":1,"39":1,"40":1,"41":2,"42":1,"43":1,"44":2,"45":3,"46":3,"47":2,"48":1,"49":1,"50":1,"51":2,"52":3,"53":3,"54":2,"55":1,"56":1,"57":1,"58":1,"59":1},"f":{"0":3,"1":12,"2":1,"3":3,"4":1,"5":3,"6":3},"b":{"0":[1,2],"1":[1,2],"2":[3,2],"3":[3,2],"4":[1,1],"5":[1,1],"6":[1,1],"7":[1,1],"8":[1,1]},"_coverageSchema":"1a1c01bbd47fc00a2c39e90264f33305004495a9","hash":"1c1232a1865abfc6af80ce62fce6755b08f6ddd0"}
,"C:\\Users\\Lenovo\\Documents\\Y1-1\\Software Engineering\\PROJECT\\se-project-be-68-2-tungtung\\controllers\\reviews.js": {"path":"C:\\Users\\Lenovo\\Documents\\Y1-1\\Software Engineering\\PROJECT\\se-project-be-68-2-tungtung\\controllers\\reviews.js","statementMap":{"0":{"start":{"line":1,"column":15},"end":{"line":1,"column":42}},"1":{"start":{"line":2,"column":17},"end":{"line":2,"column":46}},"2":{"start":{"line":3,"column":16},"end":{"line":3,"column":44}},"3":{"start":{"line":4,"column":17},"end":{"line":4,"column":36}},"4":{"start":{"line":9,"column":0},"end":{"line":34,"column":2}},"5":{"start":{"line":13,"column":4},"end":{"line":21,"column":5}},"6":{"start":{"line":14,"column":8},"end":{"line":16,"column":56}},"7":{"start":{"line":18,"column":8},"end":{"line":20,"column":56}},"8":{"start":{"line":23,"column":4},"end":{"line":33,"column":5}},"9":{"start":{"line":24,"column":24},"end":{"line":24,"column":59}},"10":{"start":{"line":25,"column":8},"end":{"line":29,"column":11}},"11":{"start":{"line":31,"column":8},"end":{"line":31,"column":25}},"12":{"start":{"line":32,"column":8},"end":{"line":32,"column":81}},"13":{"start":{"line":39,"column":0},"end":{"line":57,"column":2}},"14":{"start":{"line":40,"column":4},"end":{"line":56,"column":5}},"15":{"start":{"line":41,"column":23},"end":{"line":43,"column":61}},"16":{"start":{"line":45,"column":8},"end":{"line":50,"column":9}},"17":{"start":{"line":46,"column":12},"end":{"line":49,"column":15}},"18":{"start":{"line":52,"column":8},"end":{"line":52,"column":62}},"19":{"start":{"line":54,"column":8},"end":{"line":54,"column":25}},"20":{"start":{"line":55,"column":8},"end":{"line":55,"column":80}},"21":{"start":{"line":62,"column":0},"end":{"line":162,"column":2}},"22":{"start":{"line":63,"column":4},"end":{"line":161,"column":5}},"23":{"start":{"line":65,"column":36},"end":{"line":65,"column":44}},"24":{"start":{"line":67,"column":8},"end":{"line":72,"column":9}},"25":{"start":{"line":68,"column":12},"end":{"line":71,"column":15}},"26":{"start":{"line":74,"column":8},"end":{"line":79,"column":9}},"27":{"start":{"line":75,"column":12},"end":{"line":78,"column":15}},"28":{"start":{"line":81,"column":8},"end":{"line":86,"column":9}},"29":{"start":{"line":82,"column":12},"end":{"line":85,"column":15}},"30":{"start":{"line":88,"column":8},"end":{"line":93,"column":9}},"31":{"start":{"line":89,"column":12},"end":{"line":92,"column":15}},"32":{"start":{"line":95,"column":8},"end":{"line":100,"column":9}},"33":{"start":{"line":96,"column":12},"end":{"line":99,"column":15}},"34":{"start":{"line":103,"column":25},"end":{"line":103,"column":71}},"35":{"start":{"line":104,"column":8},"end":{"line":109,"column":9}},"36":{"start":{"line":105,"column":12},"end":{"line":108,"column":15}},"37":{"start":{"line":112,"column":27},"end":{"line":115,"column":10}},"38":{"start":{"line":117,"column":8},"end":{"line":122,"column":9}},"39":{"start":{"line":118,"column":12},"end":{"line":121,"column":15}},"40":{"start":{"line":125,"column":31},"end":{"line":128,"column":10}},"41":{"start":{"line":130,"column":8},"end":{"line":135,"column":9}},"42":{"start":{"line":131,"column":12},"end":{"line":134,"column":15}},"43":{"start":{"line":138,"column":8},"end":{"line":138,"column":50}},"44":{"start":{"line":139,"column":8},"end":{"line":139,"column":36}},"45":{"start":{"line":141,"column":23},"end":{"line":141,"column":52}},"46":{"start":{"line":143,"column":8},"end":{"line":146,"column":11}},"47":{"start":{"line":148,"column":8},"end":{"line":148,"column":25}},"48":{"start":{"line":149,"column":8},"end":{"line":154,"column":9}},"49":{"start":{"line":150,"column":12},"end":{"line":153,"column":15}},"50":{"start":{"line":156,"column":8},"end":{"line":159,"column":9}},"51":{"start":{"line":157,"column":29},"end":{"line":157,"column":74}},"52":{"start":{"line":157,"column":64},"end":{"line":157,"column":73}},"53":{"start":{"line":158,"column":12},"end":{"line":158,"column":82}},"54":{"start":{"line":160,"column":8},"end":{"line":160,"column":83}},"55":{"start":{"line":167,"column":0},"end":{"line":234,"column":2}},"56":{"start":{"line":168,"column":4},"end":{"line":233,"column":5}},"57":{"start":{"line":169,"column":21},"end":{"line":169,"column":57}},"58":{"start":{"line":171,"column":8},"end":{"line":176,"column":9}},"59":{"start":{"line":172,"column":12},"end":{"line":175,"column":15}},"60":{"start":{"line":179,"column":8},"end":{"line":184,"column":9}},"61":{"start":{"line":180,"column":12},"end":{"line":183,"column":15}},"62":{"start":{"line":187,"column":8},"end":{"line":199,"column":9}},"63":{"start":{"line":188,"column":12},"end":{"line":198,"column":13}},"64":{"start":{"line":194,"column":16},"end":{"line":197,"column":19}},"65":{"start":{"line":201,"column":8},"end":{"line":215,"column":9}},"66":{"start":{"line":202,"column":12},"end":{"line":207,"column":13}},"67":{"start":{"line":203,"column":16},"end":{"line":206,"column":19}},"68":{"start":{"line":209,"column":12},"end":{"line":214,"column":13}},"69":{"start":{"line":210,"column":16},"end":{"line":213,"column":19}},"70":{"start":{"line":218,"column":8},"end":{"line":218,"column":75}},"71":{"start":{"line":218,"column":43},"end":{"line":218,"column":75}},"72":{"start":{"line":219,"column":8},"end":{"line":219,"column":78}},"73":{"start":{"line":219,"column":44},"end":{"line":219,"column":78}},"74":{"start":{"line":220,"column":30},"end":{"line":220,"column":49}},"75":{"start":{"line":222,"column":8},"end":{"line":225,"column":11}},"76":{"start":{"line":227,"column":8},"end":{"line":227,"column":25}},"77":{"start":{"line":228,"column":8},"end":{"line":231,"column":9}},"78":{"start":{"line":229,"column":29},"end":{"line":229,"column":74}},"79":{"start":{"line":229,"column":64},"end":{"line":229,"column":73}},"80":{"start":{"line":230,"column":12},"end":{"line":230,"column":82}},"81":{"start":{"line":232,"column":8},"end":{"line":232,"column":83}},"82":{"start":{"line":239,"column":0},"end":{"line":268,"column":2}},"83":{"start":{"line":240,"column":4},"end":{"line":267,"column":5}},"84":{"start":{"line":241,"column":23},"end":{"line":241,"column":59}},"85":{"start":{"line":243,"column":8},"end":{"line":248,"column":9}},"86":{"start":{"line":244,"column":12},"end":{"line":247,"column":15}},"87":{"start":{"line":251,"column":8},"end":{"line":256,"column":9}},"88":{"start":{"line":252,"column":12},"end":{"line":255,"column":15}},"89":{"start":{"line":258,"column":8},"end":{"line":258,"column":54}},"90":{"start":{"line":260,"column":8},"end":{"line":263,"column":11}},"91":{"start":{"line":265,"column":8},"end":{"line":265,"column":25}},"92":{"start":{"line":266,"column":8},"end":{"line":266,"column":83}}},"fnMap":{"0":{"name":"(anonymous_0)","decl":{"start":{"line":9,"column":21},"end":{"line":9,"column":22}},"loc":{"start":{"line":9,"column":47},"end":{"line":34,"column":1}},"line":9},"1":{"name":"(anonymous_1)","decl":{"start":{"line":39,"column":20},"end":{"line":39,"column":21}},"loc":{"start":{"line":39,"column":46},"end":{"line":57,"column":1}},"line":39},"2":{"name":"(anonymous_2)","decl":{"start":{"line":62,"column":23},"end":{"line":62,"column":24}},"loc":{"start":{"line":62,"column":49},"end":{"line":162,"column":1}},"line":62},"3":{"name":"(anonymous_3)","decl":{"start":{"line":157,"column":59},"end":{"line":157,"column":60}},"loc":{"start":{"line":157,"column":64},"end":{"line":157,"column":73}},"line":157},"4":{"name":"(anonymous_4)","decl":{"start":{"line":167,"column":23},"end":{"line":167,"column":24}},"loc":{"start":{"line":167,"column":49},"end":{"line":234,"column":1}},"line":167},"5":{"name":"(anonymous_5)","decl":{"start":{"line":229,"column":59},"end":{"line":229,"column":60}},"loc":{"start":{"line":229,"column":64},"end":{"line":229,"column":73}},"line":229},"6":{"name":"(anonymous_6)","decl":{"start":{"line":239,"column":23},"end":{"line":239,"column":24}},"loc":{"start":{"line":239,"column":49},"end":{"line":268,"column":1}},"line":239}},"branchMap":{"0":{"loc":{"start":{"line":13,"column":4},"end":{"line":21,"column":5}},"type":"if","locations":[{"start":{"line":13,"column":4},"end":{"line":21,"column":5}},{"start":{"line":17,"column":11},"end":{"line":21,"column":5}}],"line":13},"1":{"loc":{"start":{"line":45,"column":8},"end":{"line":50,"column":9}},"type":"if","locations":[{"start":{"line":45,"column":8},"end":{"line":50,"column":9}},{"start":{},"end":{}}],"line":45},"2":{"loc":{"start":{"line":67,"column":8},"end":{"line":72,"column":9}},"type":"if","locations":[{"start":{"line":67,"column":8},"end":{"line":72,"column":9}},{"start":{},"end":{}}],"line":67},"3":{"loc":{"start":{"line":67,"column":12},"end":{"line":67,"column":57}},"type":"binary-expr","locations":[{"start":{"line":67,"column":12},"end":{"line":67,"column":32}},{"start":{"line":67,"column":36},"end":{"line":67,"column":57}}],"line":67},"4":{"loc":{"start":{"line":74,"column":8},"end":{"line":79,"column":9}},"type":"if","locations":[{"start":{"line":74,"column":8},"end":{"line":79,"column":9}},{"start":{},"end":{}}],"line":74},"5":{"loc":{"start":{"line":81,"column":8},"end":{"line":86,"column":9}},"type":"if","locations":[{"start":{"line":81,"column":8},"end":{"line":86,"column":9}},{"start":{},"end":{}}],"line":81},"6":{"loc":{"start":{"line":81,"column":12},"end":{"line":81,"column":90}},"type":"binary-expr","locations":[{"start":{"line":81,"column":12},"end":{"line":81,"column":25}},{"start":{"line":81,"column":29},"end":{"line":81,"column":39}},{"start":{"line":81,"column":43},"end":{"line":81,"column":53}},{"start":{"line":81,"column":57},"end":{"line":81,"column":90}}],"line":81},"7":{"loc":{"start":{"line":88,"column":8},"end":{"line":93,"column":9}},"type":"if","locations":[{"start":{"line":88,"column":8},"end":{"line":93,"column":9}},{"start":{},"end":{}}],"line":88},"8":{"loc":{"start":{"line":88,"column":12},"end":{"line":88,"column":70}},"type":"binary-expr","locations":[{"start":{"line":88,"column":12},"end":{"line":88,"column":39}},{"start":{"line":88,"column":43},"end":{"line":88,"column":70}}],"line":88},"9":{"loc":{"start":{"line":95,"column":8},"end":{"line":100,"column":9}},"type":"if","locations":[{"start":{"line":95,"column":8},"end":{"line":100,"column":9}},{"start":{},"end":{}}],"line":95},"10":{"loc":{"start":{"line":104,"column":8},"end":{"line":109,"column":9}},"type":"if","locations":[{"start":{"line":104,"column":8},"end":{"line":109,"column":9}},{"start":{},"end":{}}],"line":104},"11":{"loc":{"start":{"line":117,"column":8},"end":{"line":122,"column":9}},"type":"if","locations":[{"start":{"line":117,"column":8},"end":{"line":122,"column":9}},{"start":{},"end":{}}],"line":117},"12":{"loc":{"start":{"line":130,"column":8},"end":{"line":135,"column":9}},"type":"if","locations":[{"start":{"line":130,"column":8},"end":{"line":135,"column":9}},{"start":{},"end":{}}],"line":130},"13":{"loc":{"start":{"line":149,"column":8},"end":{"line":154,"column":9}},"type":"if","locations":[{"start":{"line":149,"column":8},"end":{"line":154,"column":9}},{"start":{},"end":{}}],"line":149},"14":{"loc":{"start":{"line":156,"column":8},"end":{"line":159,"column":9}},"type":"if","locations":[{"start":{"line":156,"column":8},"end":{"line":159,"column":9}},{"start":{},"end":{}}],"line":156},"15":{"loc":{"start":{"line":171,"column":8},"end":{"line":176,"column":9}},"type":"if","locations":[{"start":{"line":171,"column":8},"end":{"line":176,"column":9}},{"start":{},"end":{}}],"line":171},"16":{"loc":{"start":{"line":179,"column":8},"end":{"line":184,"column":9}},"type":"if","locations":[{"start":{"line":179,"column":8},"end":{"line":184,"column":9}},{"start":{},"end":{}}],"line":179},"17":{"loc":{"start":{"line":187,"column":8},"end":{"line":199,"column":9}},"type":"if","locations":[{"start":{"line":187,"column":8},"end":{"line":199,"column":9}},{"start":{},"end":{}}],"line":187},"18":{"loc":{"start":{"line":188,"column":12},"end":{"line":198,"column":13}},"type":"if","locations":[{"start":{"line":188,"column":12},"end":{"line":198,"column":13}},{"start":{},"end":{}}],"line":188},"19":{"loc":{"start":{"line":189,"column":16},"end":{"line":192,"column":58}},"type":"binary-expr","locations":[{"start":{"line":189,"column":16},"end":{"line":189,"column":38}},{"start":{"line":190,"column":16},"end":{"line":190,"column":35}},{"start":{"line":191,"column":16},"end":{"line":191,"column":35}},{"start":{"line":192,"column":16},"end":{"line":192,"column":58}}],"line":189},"20":{"loc":{"start":{"line":201,"column":8},"end":{"line":215,"column":9}},"type":"if","locations":[{"start":{"line":201,"column":8},"end":{"line":215,"column":9}},{"start":{},"end":{}}],"line":201},"21":{"loc":{"start":{"line":202,"column":12},"end":{"line":207,"column":13}},"type":"if","locations":[{"start":{"line":202,"column":12},"end":{"line":207,"column":13}},{"start":{},"end":{}}],"line":202},"22":{"loc":{"start":{"line":202,"column":16},"end":{"line":202,"column":92}},"type":"binary-expr","locations":[{"start":{"line":202,"column":16},"end":{"line":202,"column":52}},{"start":{"line":202,"column":56},"end":{"line":202,"column":92}}],"line":202},"23":{"loc":{"start":{"line":209,"column":12},"end":{"line":214,"column":13}},"type":"if","locations":[{"start":{"line":209,"column":12},"end":{"line":214,"column":13}},{"start":{},"end":{}}],"line":209},"24":{"loc":{"start":{"line":218,"column":8},"end":{"line":218,"column":75}},"type":"if","locations":[{"start":{"line":218,"column":8},"end":{"line":218,"column":75}},{"start":{},"end":{}}],"line":218},"25":{"loc":{"start":{"line":219,"column":8},"end":{"line":219,"column":78}},"type":"if","locations":[{"start":{"line":219,"column":8},"end":{"line":219,"column":78}},{"start":{},"end":{}}],"line":219},"26":{"loc":{"start":{"line":228,"column":8},"end":{"line":231,"column":9}},"type":"if","locations":[{"start":{"line":228,"column":8},"end":{"line":231,"column":9}},{"start":{},"end":{}}],"line":228},"27":{"loc":{"start":{"line":243,"column":8},"end":{"line":248,"column":9}},"type":"if","locations":[{"start":{"line":243,"column":8},"end":{"line":248,"column":9}},{"start":{},"end":{}}],"line":243},"28":{"loc":{"start":{"line":251,"column":8},"end":{"line":256,"column":9}},"type":"if","locations":[{"start":{"line":251,"column":8},"end":{"line":256,"column":9}},{"start":{},"end":{}}],"line":251}},"s":{"0":3,"1":3,"2":3,"3":3,"4":3,"5":4,"6":1,"7":3,"8":4,"9":4,"10":3,"11":1,"12":1,"13":3,"14":5,"15":5,"16":3,"17":2,"18":1,"19":2,"20":2,"21":3,"22":22,"23":22,"24":22,"25":3,"26":19,"27":2,"28":17,"29":3,"30":14,"31":2,"32":12,"33":2,"34":10,"35":10,"36":1,"37":9,"38":9,"39":2,"40":7,"41":7,"42":2,"43":5,"44":5,"45":5,"46":2,"47":3,"48":3,"49":1,"50":2,"51":1,"52":1,"53":1,"54":1,"55":3,"56":15,"57":15,"58":13,"59":2,"60":11,"61":2,"62":9,"63":5,"64":2,"65":7,"66":6,"67":2,"68":4,"69":1,"70":4,"71":3,"72":4,"73":3,"74":4,"75":4,"76":2,"77":2,"78":1,"79":1,"80":1,"81":1,"82":3,"83":7,"84":7,"85":6,"86":2,"87":4,"88":2,"89":2,"90":2,"91":1,"92":1},"f":{"0":4,"1":5,"2":22,"3":1,"4":15,"5":1,"6":7},"b":{"0":[1,3],"1":[2,1],"2":[3,19],"3":[22,20],"4":[2,17],"5":[3,14],"6":[17,17,16,14],"7":[2,12],"8":[14,14],"9":[2,10],"10":[1,9],"11":[2,7],"12":[2,5],"13":[1,2],"14":[1,1],"15":[2,11],"16":[2,9],"17":[5,4],"18":[2,3],"19":[5,5,5,3],"20":[6,1],"21":[2,4],"22":[6,6],"23":[1,3],"24":[3,1],"25":[3,1],"26":[1,1],"27":[2,4],"28":[2,2]},"_coverageSchema":"1a1c01bbd47fc00a2c39e90264f33305004495a9","hash":"655d447c7b948d480d2bf0ea404d7a61eba5b8b3"}
,"C:\\Users\\Lenovo\\Documents\\Y1-1\\Software Engineering\\PROJECT\\se-project-be-68-2-tungtung\\middleware\\auth.js": {"path":"C:\\Users\\Lenovo\\Documents\\Y1-1\\Software Engineering\\PROJECT\\se-project-be-68-2-tungtung\\middleware\\auth.js","statementMap":{"0":{"start":{"line":1,"column":12},"end":{"line":1,"column":35}},"1":{"start":{"line":2,"column":13},"end":{"line":2,"column":38}},"2":{"start":{"line":5,"column":0},"end":{"line":30,"column":2}},"3":{"start":{"line":8,"column":2},"end":{"line":13,"column":3}},"4":{"start":{"line":12,"column":4},"end":{"line":12,"column":52}},"5":{"start":{"line":16,"column":2},"end":{"line":18,"column":3}},"6":{"start":{"line":17,"column":4},"end":{"line":17,"column":94}},"7":{"start":{"line":20,"column":2},"end":{"line":29,"column":3}},"8":{"start":{"line":22,"column":20},"end":{"line":22,"column":61}},"9":{"start":{"line":23,"column":4},"end":{"line":23,"column":25}},"10":{"start":{"line":24,"column":4},"end":{"line":24,"column":47}},"11":{"start":{"line":25,"column":4},"end":{"line":25,"column":11}},"12":{"start":{"line":27,"column":8},"end":{"line":27,"column":25}},"13":{"start":{"line":28,"column":4},"end":{"line":28,"column":94}},"14":{"start":{"line":33,"column":0},"end":{"line":40,"column":2}},"15":{"start":{"line":34,"column":4},"end":{"line":39,"column":5}},"16":{"start":{"line":35,"column":8},"end":{"line":37,"column":9}},"17":{"start":{"line":36,"column":12},"end":{"line":36,"column":132}},"18":{"start":{"line":38,"column":8},"end":{"line":38,"column":15}}},"fnMap":{"0":{"name":"(anonymous_0)","decl":{"start":{"line":5,"column":18},"end":{"line":5,"column":19}},"loc":{"start":{"line":5,"column":44},"end":{"line":30,"column":1}},"line":5},"1":{"name":"(anonymous_1)","decl":{"start":{"line":33,"column":20},"end":{"line":33,"column":21}},"loc":{"start":{"line":33,"column":34},"end":{"line":40,"column":1}},"line":33},"2":{"name":"(anonymous_2)","decl":{"start":{"line":34,"column":11},"end":{"line":34,"column":12}},"loc":{"start":{"line":34,"column":31},"end":{"line":39,"column":5}},"line":34}},"branchMap":{"0":{"loc":{"start":{"line":8,"column":2},"end":{"line":13,"column":3}},"type":"if","locations":[{"start":{"line":8,"column":2},"end":{"line":13,"column":3}},{"start":{},"end":{}}],"line":8},"1":{"loc":{"start":{"line":9,"column":4},"end":{"line":10,"column":50}},"type":"binary-expr","locations":[{"start":{"line":9,"column":4},"end":{"line":9,"column":29}},{"start":{"line":10,"column":4},"end":{"line":10,"column":50}}],"line":9},"2":{"loc":{"start":{"line":16,"column":2},"end":{"line":18,"column":3}},"type":"if","locations":[{"start":{"line":16,"column":2},"end":{"line":18,"column":3}},{"start":{},"end":{}}],"line":16},"3":{"loc":{"start":{"line":35,"column":8},"end":{"line":37,"column":9}},"type":"if","locations":[{"start":{"line":35,"column":8},"end":{"line":37,"column":9}},{"start":{},"end":{}}],"line":35}},"s":{"0":3,"1":3,"2":3,"3":42,"4":35,"5":42,"6":7,"7":35,"8":35,"9":34,"10":34,"11":34,"12":1,"13":1,"14":3,"15":15,"16":24,"17":2,"18":22},"f":{"0":42,"1":15,"2":24},"b":{"0":[35,7],"1":[42,35],"2":[7,35],"3":[2,22]},"_coverageSchema":"1a1c01bbd47fc00a2c39e90264f33305004495a9","hash":"f8409f9d3555b03347226837e0d065af4e254662"}
,"C:\\Users\\Lenovo\\Documents\\Y1-1\\Software Engineering\\PROJECT\\se-project-be-68-2-tungtung\\utils\\socketInstance.js": {"path":"C:\\Users\\Lenovo\\Documents\\Y1-1\\Software Engineering\\PROJECT\\se-project-be-68-2-tungtung\\utils\\socketInstance.js","statementMap":{"0":{"start":{"line":3,"column":14},"end":{"line":5,"column":1}},"1":{"start":{"line":4,"column":2},"end":{"line":4,"column":18}},"2":{"start":{"line":7,"column":14},"end":{"line":7,"column":22}},"3":{"start":{"line":7,"column":20},"end":{"line":7,"column":22}},"4":{"start":{"line":9,"column":0},"end":{"line":9,"column":34}}},"fnMap":{"0":{"name":"(anonymous_0)","decl":{"start":{"line":3,"column":14},"end":{"line":3,"column":15}},"loc":{"start":{"line":3,"column":30},"end":{"line":5,"column":1}},"line":3},"1":{"name":"(anonymous_1)","decl":{"start":{"line":7,"column":14},"end":{"line":7,"column":15}},"loc":{"start":{"line":7,"column":20},"end":{"line":7,"column":22}},"line":7}},"branchMap":{},"s":{"0":1,"1":1,"2":1,"3":3,"4":1},"f":{"0":1,"1":3},"b":{},"_coverageSchema":"1a1c01bbd47fc00a2c39e90264f33305004495a9","hash":"a94b0d67d322740a835f51f0be98208e26a378d8"}
}
