TN:
SF:controllers\auth.js
FN:6,(anonymous_0)
FN:30,(anonymous_1)
FN:58,(anonymous_2)
FN:82,(anonymous_3)
FN:94,(anonymous_4)
FNF:5
FNH:5
FNDA:5,(anonymous_0)
FNDA:4,(anonymous_1)
FNDA:5,(anonymous_2)
FNDA:1,(anonymous_3)
FNDA:1,(anonymous_4)
DA:1,2
DA:6,2
DA:7,5
DA:8,5
DA:11,5
DA:20,4
DA:22,1
DA:23,1
DA:30,2
DA:31,4
DA:34,4
DA:35,1
DA:39,3
DA:41,3
DA:42,1
DA:46,2
DA:48,2
DA:49,1
DA:55,1
DA:58,2
DA:59,5
DA:61,5
DA:68,5
DA:69,1
DA:72,5
DA:82,2
DA:83,1
DA:85,1
DA:94,2
DA:95,1
DA:100,1
LF:31
LH:31
BRDA:34,0,0,1
BRDA:34,0,1,3
BRDA:34,1,0,4
BRDA:34,1,1,3
BRDA:41,2,0,1
BRDA:41,2,1,2
BRDA:48,3,0,1
BRDA:48,3,1,1
BRDA:68,4,0,1
BRDA:68,4,1,4
BRF:10
BRH:10
end_of_record
TN:
SF:controllers\bookings.js
FN:7,(anonymous_0)
FN:41,(anonymous_1)
FN:60,(anonymous_2)
FN:89,(anonymous_3)
FN:114,(anonymous_4)
FNF:5
FNH:5
FNDA:4,(anonymous_0)
FNDA:3,(anonymous_1)
FNDA:4,(anonymous_2)
FNDA:4,(anonymous_3)
FNDA:4,(anonymous_4)
DA:1,2
DA:2,2
DA:7,2
DA:9,4
DA:10,2
DA:14,2
DA:15,1
DA:16,1
DA:20,1
DA:25,4
DA:26,4
DA:27,3
DA:33,1
DA:34,1
DA:41,2
DA:42,3
DA:43,3
DA:47,2
DA:48,1
DA:50,1
DA:52,1
DA:53,1
DA:60,2
DA:61,4
DA:62,4
DA:64,4
DA:65,4
DA:66,1
DA:69,3
DA:70,3
DA:71,3
DA:72,1
DA:75,2
DA:76,1
DA:81,1
DA:82,1
DA:89,2
DA:90,4
DA:91,4
DA:92,3
DA:93,1
DA:96,2
DA:97,1
DA:100,1
DA:104,1
DA:106,1
DA:107,1
DA:114,2
DA:115,4
DA:116,4
DA:117,3
DA:118,1
DA:121,2
DA:122,1
DA:125,1
DA:126,1
DA:128,1
DA:129,1
LF:58
LH:58
BRDA:9,0,0,2
BRDA:9,0,1,2
BRDA:9,1,0,4
BRDA:9,1,1,4
BRDA:14,2,0,1
BRDA:14,2,1,1
BRDA:47,3,0,1
BRDA:47,3,1,1
BRDA:65,4,0,1
BRDA:65,4,1,3
BRDA:71,5,0,1
BRDA:71,5,1,2
BRDA:92,6,0,1
BRDA:92,6,1,2
BRDA:96,7,0,1
BRDA:96,7,1,1
BRDA:96,8,0,2
BRDA:96,8,1,2
BRDA:117,9,0,1
BRDA:117,9,1,2
BRDA:121,10,0,1
BRDA:121,10,1,1
BRDA:121,11,0,2
BRDA:121,11,1,1
BRF:24
BRH:24
end_of_record
TN:
SF:controllers\chat.js
FN:7,(anonymous_0)
FN:59,(anonymous_1)
FN:83,(anonymous_2)
FN:103,(anonymous_3)
FN:151,(anonymous_4)
FN:187,(anonymous_5)
FNF:6
FNH:6
FNDA:3,(anonymous_0)
FNDA:6,(anonymous_1)
FNDA:6,(anonymous_2)
FNDA:11,(anonymous_3)
FNDA:6,(anonymous_4)
FNDA:5,(anonymous_5)
DA:1,2
DA:2,2
DA:7,2
DA:8,3
DA:9,3
DA:50,2
DA:52,1
DA:59,2
DA:60,6
DA:61,6
DA:63,6
DA:64,2
DA:67,4
DA:74,3
DA:76,1
DA:83,2
DA:84,6
DA:85,6
DA:88,6
DA:89,2
DA:92,4
DA:94,3
DA:96,1
DA:103,2
DA:104,11
DA:105,11
DA:107,11
DA:108,2
DA:110,9
DA:111,2
DA:114,7
DA:115,7
DA:116,1
DA:119,6
DA:128,5
DA:129,5
DA:130,4
DA:142,5
DA:144,1
DA:151,2
DA:152,6
DA:153,6
DA:154,6
DA:156,6
DA:157,1
DA:160,5
DA:162,4
DA:163,1
DA:167,3
DA:168,1
DA:171,2
DA:172,2
DA:175,2
DA:176,2
DA:177,1
DA:180,2
DA:183,1
DA:187,2
DA:188,5
DA:189,5
DA:191,5
DA:193,4
DA:194,1
DA:198,3
DA:202,1
DA:205,2
DA:206,2
DA:207,2
DA:209,2
DA:210,2
DA:211,1
DA:216,2
DA:219,1
LF:73
LH:73
BRDA:63,0,0,2
BRDA:63,0,1,4
BRDA:63,1,0,6
BRDA:63,1,1,3
BRDA:88,2,0,2
BRDA:88,2,1,4
BRDA:88,3,0,6
BRDA:88,3,1,3
BRDA:107,4,0,2
BRDA:107,4,1,9
BRDA:107,5,0,11
BRDA:107,5,1,11
BRDA:110,6,0,2
BRDA:110,6,1,7
BRDA:114,7,0,3
BRDA:114,7,1,4
BRDA:115,8,0,1
BRDA:115,8,1,6
BRDA:129,9,0,4
BRDA:129,9,1,1
BRDA:156,10,0,1
BRDA:156,10,1,5
BRDA:156,11,0,6
BRDA:156,11,1,6
BRDA:162,12,0,1
BRDA:162,12,1,3
BRDA:167,13,0,1
BRDA:167,13,1,2
BRDA:176,14,0,1
BRDA:176,14,1,1
BRDA:193,15,0,1
BRDA:193,15,1,3
BRDA:198,16,0,1
BRDA:198,16,1,2
BRDA:199,17,0,3
BRDA:199,17,1,2
BRDA:210,18,0,1
BRDA:210,18,1,1
BRF:38
BRH:38
end_of_record
TN:
SF:controllers\providers.js
FN:7,(anonymous_0)
FN:17,(anonymous_1)
FN:24,(anonymous_2)
FN:90,(anonymous_3)
FN:105,(anonymous_4)
FN:116,(anonymous_5)
FN:134,(anonymous_6)
FNF:7
FNH:7
FNDA:3,(anonymous_0)
FNDA:12,(anonymous_1)
FNDA:1,(anonymous_2)
FNDA:3,(anonymous_3)
FNDA:1,(anonymous_4)
FNDA:3,(anonymous_5)
FNDA:3,(anonymous_6)
DA:1,2
DA:2,2
DA:7,2
DA:11,3
DA:14,3
DA:17,12
DA:18,3
DA:21,3
DA:22,3
DA:24,1
DA:28,3
DA:31,3
DA:32,1
DA:33,1
DA:37,3
DA:38,1
DA:39,1
DA:41,2
DA:45,3
DA:46,3
DA:47,3
DA:48,3
DA:50,3
DA:51,3
DA:53,3
DA:56,3
DA:58,2
DA:60,2
DA:61,1
DA:67,2
DA:68,1
DA:74,2
DA:81,1
DA:90,2
DA:91,3
DA:92,3
DA:93,2
DA:94,1
DA:96,1
DA:98,1
DA:105,2
DA:106,1
DA:107,1
DA:116,2
DA:117,3
DA:118,3
DA:122,2
DA:123,1
DA:125,1
DA:127,1
DA:134,2
DA:135,3
DA:136,3
DA:138,2
DA:139,1
DA:144,1
DA:145,1
DA:147,1
DA:149,1
LF:59
LH:59
BRDA:31,0,0,1
BRDA:31,0,1,2
BRDA:37,1,0,1
BRDA:37,1,1,2
BRDA:45,2,0,3
BRDA:45,2,1,2
BRDA:46,3,0,3
BRDA:46,3,1,2
BRDA:60,4,0,1
BRDA:60,4,1,1
BRDA:67,5,0,1
BRDA:67,5,1,1
BRDA:93,6,0,1
BRDA:93,6,1,1
BRDA:122,7,0,1
BRDA:122,7,1,1
BRDA:138,8,0,1
BRDA:138,8,1,1
BRF:18
BRH:18
end_of_record
TN:
SF:controllers\reviews.js
FN:9,(anonymous_0)
FN:39,(anonymous_1)
FN:62,(anonymous_2)
FN:159,(anonymous_3)
FN:169,(anonymous_4)
FN:234,(anonymous_5)
FN:244,(anonymous_6)
FNF:7
FNH:7
FNDA:4,(anonymous_0)
FNDA:5,(anonymous_1)
FNDA:24,(anonymous_2)
FNDA:1,(anonymous_3)
FNDA:15,(anonymous_4)
FNDA:1,(anonymous_5)
FNDA:7,(anonymous_6)
DA:1,3
DA:2,3
DA:3,3
DA:4,3
DA:9,3
DA:13,4
DA:14,1
DA:18,3
DA:23,4
DA:24,4
DA:25,3
DA:31,1
DA:32,1
DA:39,3
DA:40,5
DA:41,5
DA:45,3
DA:46,2
DA:52,1
DA:54,2
DA:55,2
DA:62,3
DA:63,24
DA:65,24
DA:67,24
DA:68,3
DA:74,21
DA:75,2
DA:81,19
DA:82,3
DA:88,16
DA:89,2
DA:95,14
DA:96,2
DA:103,12
DA:104,12
DA:105,1
DA:112,11
DA:113,9
DA:118,9
DA:119,2
DA:127,9
DA:132,9
DA:133,2
DA:140,7
DA:141,7
DA:143,7
DA:145,4
DA:150,3
DA:151,3
DA:152,1
DA:158,2
DA:159,1
DA:160,1
DA:162,1
DA:169,3
DA:170,15
DA:171,15
DA:173,13
DA:174,2
DA:181,11
DA:182,11
DA:184,11
DA:185,2
DA:192,9
DA:193,5
DA:199,2
DA:206,7
DA:207,6
DA:208,2
DA:214,4
DA:215,1
DA:223,4
DA:224,4
DA:225,4
DA:227,4
DA:232,2
DA:233,2
DA:234,1
DA:235,1
DA:237,1
DA:244,3
DA:245,7
DA:246,7
DA:248,6
DA:249,2
DA:256,4
DA:257,4
DA:259,4
DA:260,2
DA:266,2
DA:268,2
DA:273,1
DA:274,1
LF:94
LH:94
BRDA:13,0,0,1
BRDA:13,0,1,3
BRDA:45,1,0,2
BRDA:45,1,1,1
BRDA:67,2,0,3
BRDA:67,2,1,21
BRDA:67,3,0,24
BRDA:67,3,1,22
BRDA:74,4,0,2
BRDA:74,4,1,19
BRDA:81,5,0,3
BRDA:81,5,1,16
BRDA:81,6,0,19
BRDA:81,6,1,19
BRDA:81,6,2,18
BRDA:81,6,3,16
BRDA:88,7,0,2
BRDA:88,7,1,14
BRDA:88,8,0,16
BRDA:88,8,1,16
BRDA:95,9,0,2
BRDA:95,9,1,12
BRDA:104,10,0,1
BRDA:104,10,1,11
BRDA:112,11,0,9
BRDA:112,11,1,2
BRDA:118,12,0,2
BRDA:118,12,1,7
BRDA:132,13,0,2
BRDA:132,13,1,7
BRDA:151,14,0,1
BRDA:151,14,1,2
BRDA:158,15,0,1
BRDA:158,15,1,1
BRDA:173,16,0,2
BRDA:173,16,1,11
BRDA:184,17,0,2
BRDA:184,17,1,9
BRDA:184,18,0,11
BRDA:184,18,1,2
BRDA:192,19,0,5
BRDA:192,19,1,4
BRDA:193,20,0,2
BRDA:193,20,1,3
BRDA:194,21,0,5
BRDA:194,21,1,5
BRDA:194,21,2,5
BRDA:194,21,3,3
BRDA:206,22,0,6
BRDA:206,22,1,1
BRDA:207,23,0,2
BRDA:207,23,1,4
BRDA:207,24,0,6
BRDA:207,24,1,6
BRDA:214,25,0,1
BRDA:214,25,1,3
BRDA:223,26,0,3
BRDA:223,26,1,1
BRDA:224,27,0,3
BRDA:224,27,1,1
BRDA:233,28,0,1
BRDA:233,28,1,1
BRDA:248,29,0,2
BRDA:248,29,1,4
BRDA:259,30,0,2
BRDA:259,30,1,2
BRDA:259,31,0,4
BRDA:259,31,1,2
BRF:68
BRH:68
end_of_record
TN:
SF:middleware\auth.js
FN:5,(anonymous_0)
FN:33,(anonymous_1)
FN:34,(anonymous_2)
FNF:3
FNH:3
FNDA:43,(anonymous_0)
FNDA:15,(anonymous_1)
FNDA:25,(anonymous_2)
DA:1,3
DA:2,3
DA:5,3
DA:8,43
DA:12,36
DA:16,43
DA:17,7
DA:20,36
DA:22,36
DA:23,35
DA:24,35
DA:25,35
DA:27,1
DA:28,1
DA:33,3
DA:34,15
DA:35,25
DA:36,2
DA:38,23
LF:19
LH:19
BRDA:8,0,0,36
BRDA:8,0,1,7
BRDA:9,1,0,43
BRDA:9,1,1,36
BRDA:16,2,0,7
BRDA:16,2,1,36
BRDA:35,3,0,2
BRDA:35,3,1,23
BRF:8
BRH:8
end_of_record
TN:
SF:utils\socketInstance.js
FN:3,(anonymous_0)
FN:7,(anonymous_1)
FNF:2
FNH:2
FNDA:1,(anonymous_0)
FNDA:3,(anonymous_1)
DA:3,1
DA:4,1
DA:7,3
DA:9,1
LF:4
LH:4
BRF:0
BRH:0
end_of_record
